<?xml version="1.0" encoding="UTF-8"?>
<Site BuildName="(empty)"
	BuildStamp="20230703-0933-Experimental"
	Name="ubuntu"
	Generator="ctest-3.16.3"
	CompilerName="/usr/bin/g++"
	CompilerVersion="9.4.0"
	OSName="Linux"
	Hostname="ubuntu"
	OSRelease="5.15.0-75-generic"
	OSVersion="#82~20.04.1-Ubuntu SMP Wed Jun 7 19:37:37 UTC 2023"
	OSPlatform="x86_64"
	Is64Bits="1"
	VendorString="AuthenticAMD"
	VendorID="Advanced Micro Devices"
	FamilyID="23"
	ModelID="24"
	ProcessorCacheSize="512"
	NumberOfLogicalCPU="2"
	NumberOfPhysicalCPU="2"
	TotalVirtualMemory="2047"
	TotalPhysicalMemory="4818"
	LogicalProcessorsPerPhysical="1"
	ProcessorClockFrequency="2096.06"
	>
	<Testing>
		<StartDateTime>Jul 03 16:33 +07</StartDateTime>
		<StartTestTime>1688376805</StartTestTime>
		<TestList/>
		<EndDateTime>Jul 03 16:33 +07</EndDateTime>
		<EndTestTime>1688376805</EndTestTime>
		<ElapsedMinutes>0</ElapsedMinutes>
	</Testing>
</Site>
