<?xml version="1.0" encoding="UTF-8"?>
<Site BuildName="(empty)"
	BuildStamp="20240504-0554-Experimental"
	Name="ubuntu"
	Generator="ctest-3.16.3"
	CompilerName="/usr/bin/c++"
	CompilerVersion="9.4.0"
	OSName="Linux"
	Hostname="ubuntu"
	OSRelease="5.15.0-105-generic"
	OSVersion="#115~20.04.1-Ubuntu SMP Mon Apr 15 17:33:04 UTC 2024"
	OSPlatform="x86_64"
	Is64Bits="1"
	VendorString="AuthenticAMD"
	VendorID="Advanced Micro Devices"
	FamilyID="23"
	ModelID="96"
	ProcessorCacheSize="512"
	NumberOfLogicalCPU="2"
	NumberOfPhysicalCPU="2"
	TotalVirtualMemory="2047"
	TotalPhysicalMemory="8758"
	LogicalProcessorsPerPhysical="1"
	ProcessorClockFrequency="2894.57"
	>
	<Testing>
		<StartDateTime>May 04 13:42 +07</StartDateTime>
		<StartTestTime>1714804961</StartTestTime>
		<TestList/>
		<EndDateTime>May 04 13:42 +07</EndDateTime>
		<EndTestTime>1714804961</EndTestTime>
		<ElapsedMinutes>0</ElapsedMinutes>
	</Testing>
</Site>
